<?xml version="1.0" encoding="UTF-8"?>
<robot generator="Robot 7.3.2 (Python 3.13.5 on win32)" generated="2025-08-08T12:01:47.864686" rpa="false" schemaversion="5">
<suite id="s1" name="Board Create" source="c:\Documents\ROBOT-FRAMEWORK\tests\board\board_create.robot">
<test id="s1-t1" name="Cadastrar Diretoria com Sucesso" line="6">
<kw name="Login e Obter Token" owner="login">
<kw name="Create Session" owner="RequestsLibrary">
<msg time="2025-08-08T12:01:48.186068" level="INFO">Creating Session using : alias=api, url=https://api-supernatural.qacoders.dev.br, headers={},                     cookies={}, auth=None, timeout=None, proxies=None, verify=False,                     debug=0 </msg>
<arg>api</arg>
<arg>${BASE_URL}</arg>
<arg>verify=${False}</arg>
<doc>Create Session: create a HTTP session to a server</doc>
<status status="PASS" start="2025-08-08T12:01:48.185601" elapsed="0.002957"/>
</kw>
<kw name="Create Dictionary" owner="BuiltIn">
<msg time="2025-08-08T12:01:48.189365" level="INFO">${body} = {'mail': 'sysadmin@qacoders.com', 'password': '1234@Test'}</msg>
<var>${body}</var>
<arg>mail=${ADMIN_EMAIL}</arg>
<arg>password=${ADMIN_PASSWORD}</arg>
<doc>Creates and returns a dictionary based on the given ``items``.</doc>
<status status="PASS" start="2025-08-08T12:01:48.188841" elapsed="0.000634"/>
</kw>
<kw name="POST On Session" owner="RequestsLibrary">
<msg time="2025-08-08T12:01:49.286394" level="INFO">POST Request : url=https://api-supernatural.qacoders.dev.br/api/login/ 
 path_url=/api/login/ 
 headers={'User-Agent': 'python-requests/2.32.4', 'Accept-Encoding': 'gzip, deflate, zstd', 'Accept': '*/*', 'Connection': 'keep-alive', 'Content-Length': '58', 'Content-Type': 'application/json'} 
 body=b'{"mail": "sysadmin@qacoders.com", "password": "1234@Test"}' 
 </msg>
<msg time="2025-08-08T12:01:49.286947" level="INFO">POST Response : url=https://api-supernatural.qacoders.dev.br/api/login/ 
 status=200, reason=OK 
 headers={'Access-Control-Allow-Origin': '*', 'Content-Length': '1334', 'Content-Type': 'application/json; charset=utf-8', 'Date': 'Fri, 08 Aug 2025 15:01:42 GMT', 'Etag': 'W/"536-UyZLkbcLzf7tWyT4xL/eOcZBRvY"', 'X-Powered-By': 'Express'} 
 body={"msg":"Olá Qa-Coders-SYSADMIN, autenticação autorizada com sucesso!","user":{"_id":"6888ecda6d0acf13553c9eec","fullName":"Qa-Coders-SYSADMIN","mail":"sysadmin@qacoders.com","password":"$2b$10$LgD0Z/OD9TL6XFx2gPEpq.S6JTP1EDgaT/I5LIo7VeMWOqtzQJh2K","accessProfile":"SYSADMIN","cpf":"11111111111","status":true,"audit":[{"registeredBy":{"userId":"111111111111111111","userLogin":"sysadmin@qacoders.com"},"registrationDate":"terça-feira, 29/07/2025, 12:46:34 BRT","registrationNumber":"01","companyId":"Qa.Coders","_id":"6888ecda6d0acf13553c9eed"}],"__v":0},"token":"eyJhbGciOiJIUzI1NiIsInR5cCI6IkpXVCJ9.eyJfaWQiOiI2ODg4ZWNkYTZkMGFjZjEzNTUzYzllZWMiLCJmdWxsTmFtZSI6IlFhLUNvZGVycy1TWVNBRE1JTiIsIm1haWwiOiJzeXNhZG1pbkBxYWNvZGVycy5jb20iLCJwYXNzd29yZCI6IiQyYiQxMCRMZ0QwWi9PRDlUTDZYRngyZ1BFcHEuUzZKVFAxRURnYVQvSTVMSW83VmVNV09xdHpRSmgySyIsImFjY2Vzc1Byb2ZpbGUiOiJTWVNBRE1JTiIsImNwZiI6IjExMTExMTExMTExIiwic3RhdHVzIjp0cnVlLCJhdWRpdCI6W3sicmVnaXN0ZXJlZEJ5Ijp7InVzZXJJZCI6IjExMTExMTExMTExMTExMTExMSIsInVzZXJMb2dpbiI6InN5c2FkbWluQHFhY29kZXJzLmNvbSJ9LCJyZWdpc3RyYXRpb25EYXRlIjoidGVyw6dhLWZlaXJhLCAyOS8wNy8yMDI1LCAxMjo0NjozNCBCUlQiLCJyZWdpc3RyYXRpb25OdW1iZXIiOiIwMSIsImNvbXBhbnlJZCI6IlFhLkNvZGVycyIsIl9pZCI6IjY4ODhlY2RhNmQwYWNmMTM1NTNjOWVlZCJ9XSwiX192IjowLCJpYXQiOjE3NTQ2NjUzMDIsImV4cCI6MTc1NDc1MTcwMn0.HrEFqMgLaNrhyKa7CDdcaFoBW6arpDQZICzVGAq1h2I"} 
 </msg>
<msg time="2025-08-08T12:01:49.287342" level="INFO">C:\Users\evilh\AppData\Local\Programs\Python\Python313\Lib\site-packages\urllib3\connectionpool.py:1097: InsecureRequestWarning: Unverified HTTPS request is being made to host 'api-supernatural.qacoders.dev.br'. Adding certificate verification is strongly advised. See: https://urllib3.readthedocs.io/en/latest/advanced-usage.html#tls-warnings
  warnings.warn(</msg>
<msg time="2025-08-08T12:01:49.288717" level="INFO">${response} = &lt;Response [200]&gt;</msg>
<var>${response}</var>
<arg>api</arg>
<arg>/api/login/</arg>
<arg>json=${body}</arg>
<doc>Sends a POST request on a previously created HTTP Session.</doc>
<status status="PASS" start="2025-08-08T12:01:48.189621" elapsed="1.099539"/>
</kw>
<kw name="Should Be Equal As Integers" owner="BuiltIn">
<msg time="2025-08-08T12:01:49.292165" level="INFO">Argument types are:
&lt;class 'int'&gt;
&lt;class 'str'&gt;</msg>
<arg>${response.status_code}</arg>
<arg>200</arg>
<doc>Fails if objects are unequal after converting them to integers.</doc>
<status status="PASS" start="2025-08-08T12:01:49.289899" elapsed="0.002583"/>
</kw>
<kw name="Set Variable" owner="BuiltIn">
<msg time="2025-08-08T12:01:49.293730" level="INFO">${json} = {'msg': 'Olá Qa-Coders-SYSADMIN, autenticação autorizada com sucesso!', 'user': {'_id': '6888ecda6d0acf13553c9eec', 'fullName': 'Qa-Coders-SYSADMIN', 'mail': 'sysadmin@qacoders.com', 'password': '$2b$...</msg>
<var>${json}</var>
<arg>${response.json()}</arg>
<doc>Returns the given values which can then be assigned to a variables.</doc>
<status status="PASS" start="2025-08-08T12:01:49.292773" elapsed="0.001135"/>
</kw>
<kw name="Set Variable" owner="BuiltIn">
<msg time="2025-08-08T12:01:49.294905" level="INFO">${token} = eyJhbGciOiJIUzI1NiIsInR5cCI6IkpXVCJ9.eyJfaWQiOiI2ODg4ZWNkYTZkMGFjZjEzNTUzYzllZWMiLCJmdWxsTmFtZSI6IlFhLUNvZGVycy1TWVNBRE1JTiIsIm1haWwiOiJzeXNhZG1pbkBxYWNvZGVycy5jb20iLCJwYXNzd29yZCI6IiQyYiQxMCRMZ0QwWi9...</msg>
<var>${token}</var>
<arg>${json['token']}</arg>
<doc>Returns the given values which can then be assigned to a variables.</doc>
<status status="PASS" start="2025-08-08T12:01:49.294172" elapsed="0.000830"/>
</kw>
<kw name="Set Suite Variable" owner="BuiltIn">
<msg time="2025-08-08T12:01:49.295449" level="INFO">${TOKEN} = eyJhbGciOiJIUzI1NiIsInR5cCI6IkpXVCJ9.eyJfaWQiOiI2ODg4ZWNkYTZkMGFjZjEzNTUzYzllZWMiLCJmdWxsTmFtZSI6IlFhLUNvZGVycy1TWVNBRE1JTiIsIm1haWwiOiJzeXNhZG1pbkBxYWNvZGVycy5jb20iLCJwYXNzd29yZCI6IiQyYiQxMCRMZ0QwWi9...</msg>
<arg>${TOKEN}</arg>
<arg>${token}</arg>
<doc>Makes a variable available everywhere within the scope of the current suite.</doc>
<status status="PASS" start="2025-08-08T12:01:49.295169" elapsed="0.000470"/>
</kw>
<doc>Faz login e armazena o token para uso em outros testes</doc>
<status status="PASS" start="2025-08-08T12:01:48.184872" elapsed="1.110887"/>
</kw>
<kw name="Gerar Nome Diretoria" owner="board">
<kw name="Generate Random String" owner="String">
<msg time="2025-08-08T12:01:49.297382" level="INFO">${palavra_randomica} = TbbNpoXFb</msg>
<var>${palavra_randomica}</var>
<arg>length=9</arg>
<arg>chars=[LETTERS]</arg>
<doc>Generates a string with a desired ``length`` from the given ``chars``.</doc>
<status status="PASS" start="2025-08-08T12:01:49.297018" elapsed="0.001018"/>
</kw>
<kw name="Convert To Lower Case" owner="String">
<msg time="2025-08-08T12:01:49.298507" level="INFO">${palavra_randomica} = btbbnpoxfb</msg>
<var>${palavra_randomica}</var>
<arg>B${palavra_randomica}</arg>
<doc>Converts string to lower case.</doc>
<status status="PASS" start="2025-08-08T12:01:49.298237" elapsed="0.000373"/>
</kw>
<kw name="Set Test Variable" owner="BuiltIn">
<msg time="2025-08-08T12:01:49.299374" level="INFO">${BOARD_NAME} = btbbnpoxfb</msg>
<arg>${BOARD_NAME}</arg>
<arg>${palavra_randomica}</arg>
<doc>Makes a variable available everywhere within the scope of the current test.</doc>
<status status="PASS" start="2025-08-08T12:01:49.298755" elapsed="0.000719"/>
</kw>
<kw name="Log" owner="BuiltIn">
<msg time="2025-08-08T12:01:49.299757" level="INFO">btbbnpoxfb</msg>
<arg>${BOARD_NAME}</arg>
<doc>Logs the given message with the given level.</doc>
<status status="PASS" start="2025-08-08T12:01:49.299606" elapsed="0.000314"/>
</kw>
<status status="PASS" start="2025-08-08T12:01:49.296681" elapsed="0.003344"/>
</kw>
<kw name="Cadastrar Diretoria" owner="board">
<kw name="Create Dictionary" owner="BuiltIn">
<msg time="2025-08-08T12:01:49.301546" level="INFO">${headers} = {'Content-Type': 'application/json', 'Authorization': 'eyJhbGciOiJIUzI1NiIsInR5cCI6IkpXVCJ9.eyJfaWQiOiI2ODg4ZWNkYTZkMGFjZjEzNTUzYzllZWMiLCJmdWxsTmFtZSI6IlFhLUNvZGVycy1TWVNBRE1JTiIsIm1haWwiOiJzeXNhZG1p...</msg>
<var>${headers}</var>
<arg>Content-Type=application/json</arg>
<arg>Authorization=${TOKEN}</arg>
<doc>Creates and returns a dictionary based on the given ``items``.</doc>
<status status="PASS" start="2025-08-08T12:01:49.301081" elapsed="0.000878"/>
</kw>
<kw name="Create Dictionary" owner="BuiltIn">
<msg time="2025-08-08T12:01:49.302578" level="INFO">${body} = {'boardName': 'btbbnpoxfb'}</msg>
<var>${body}</var>
<arg>boardName=${BOARD_NAME}</arg>
<doc>Creates and returns a dictionary based on the given ``items``.</doc>
<status status="PASS" start="2025-08-08T12:01:49.302188" elapsed="0.000515"/>
</kw>
<kw name="POST On Session" owner="RequestsLibrary">
<msg time="2025-08-08T12:01:49.486297" level="INFO">POST Request : url=https://api-supernatural.qacoders.dev.br/api/board 
 path_url=/api/board 
 headers={'User-Agent': 'python-requests/2.32.4', 'Accept-Encoding': 'gzip, deflate, zstd', 'Accept': '*/*', 'Connection': 'keep-alive', 'Content-Type': 'application/json', 'Authorization': 'eyJhbGciOiJIUzI1NiIsInR5cCI6IkpXVCJ9.eyJfaWQiOiI2ODg4ZWNkYTZkMGFjZjEzNTUzYzllZWMiLCJmdWxsTmFtZSI6IlFhLUNvZGVycy1TWVNBRE1JTiIsIm1haWwiOiJzeXNhZG1pbkBxYWNvZGVycy5jb20iLCJwYXNzd29yZCI6IiQyYiQxMCRMZ0QwWi9PRDlUTDZYRngyZ1BFcHEuUzZKVFAxRURnYVQvSTVMSW83VmVNV09xdHpRSmgySyIsImFjY2Vzc1Byb2ZpbGUiOiJTWVNBRE1JTiIsImNwZiI6IjExMTExMTExMTExIiwic3RhdHVzIjp0cnVlLCJhdWRpdCI6W3sicmVnaXN0ZXJlZEJ5Ijp7InVzZXJJZCI6IjExMTExMTExMTExMTExMTExMSIsInVzZXJMb2dpbiI6InN5c2FkbWluQHFhY29kZXJzLmNvbSJ9LCJyZWdpc3RyYXRpb25EYXRlIjoidGVyw6dhLWZlaXJhLCAyOS8wNy8yMDI1LCAxMjo0NjozNCBCUlQiLCJyZWdpc3RyYXRpb25OdW1iZXIiOiIwMSIsImNvbXBhbnlJZCI6IlFhLkNvZGVycyIsIl9pZCI6IjY4ODhlY2RhNmQwYWNmMTM1NTNjOWVlZCJ9XSwiX192IjowLCJpYXQiOjE3NTQ2NjUzMDIsImV4cCI6MTc1NDc1MTcwMn0.HrEFqMgLaNrhyKa7CDdcaFoBW6arpDQZICzVGAq1h2I', 'Content-Length': '27'} 
 body=b'{"boardName": "btbbnpoxfb"}' 
 </msg>
<msg time="2025-08-08T12:01:49.486800" level="INFO">POST Response : url=https://api-supernatural.qacoders.dev.br/api/board 
 status=201, reason=Created 
 headers={'Access-Control-Allow-Origin': '*', 'Content-Length': '345', 'Content-Type': 'application/json; charset=utf-8', 'Date': 'Fri, 08 Aug 2025 15:01:43 GMT', 'Etag': 'W/"159-Zx7U3ZbSLFJa8DnAtdwMmjh2Omw"', 'X-Powered-By': 'Express'} 
 body={"msg":"Cadastro realizado com sucesso!","newBoard":{"boardName":"btbbnpoxfb","boardCode":"338","status":true,"audit":[{"registrationDate":"sexta-feira, 08/08/2025, 12:01:43 BRT","registeredBy":{"userId":"6888ecda6d0acf13553c9eec","userLogin":"sysadmin@qacoders.com"},"_id":"68961157e56b350eb66f8054"}],"_id":"68961157e56b350eb66f8053","__v":0}} 
 </msg>
<msg time="2025-08-08T12:01:49.487124" level="INFO">C:\Users\evilh\AppData\Local\Programs\Python\Python313\Lib\site-packages\urllib3\connectionpool.py:1097: InsecureRequestWarning: Unverified HTTPS request is being made to host 'api-supernatural.qacoders.dev.br'. Adding certificate verification is strongly advised. See: https://urllib3.readthedocs.io/en/latest/advanced-usage.html#tls-warnings
  warnings.warn(</msg>
<msg time="2025-08-08T12:01:49.488328" level="INFO">${response} = &lt;Response [201]&gt;</msg>
<var>${response}</var>
<arg>api</arg>
<arg>${BASE_URL}/api/board</arg>
<arg>json=${body}</arg>
<arg>headers=${headers}</arg>
<doc>Sends a POST request on a previously created HTTP Session.</doc>
<status status="PASS" start="2025-08-08T12:01:49.302881" elapsed="0.185850"/>
</kw>
<kw name="Should Be Equal As Integers" owner="BuiltIn">
<msg time="2025-08-08T12:01:49.492266" level="INFO">Argument types are:
&lt;class 'int'&gt;
&lt;class 'str'&gt;</msg>
<arg>${response.status_code}</arg>
<arg>201</arg>
<doc>Fails if objects are unequal after converting them to integers.</doc>
<status status="PASS" start="2025-08-08T12:01:49.489738" elapsed="0.002946"/>
</kw>
<kw name="Set Variable" owner="BuiltIn">
<msg time="2025-08-08T12:01:49.494198" level="INFO">${json} = {'msg': 'Cadastro realizado com sucesso!', 'newBoard': {'boardName': 'btbbnpoxfb', 'boardCode': '338', 'status': True, 'audit': [{'registrationDate': 'sexta-feira, 08/08/2025, 12:01:43 BRT', 'register...</msg>
<var>${json}</var>
<arg>${response.json()}</arg>
<doc>Returns the given values which can then be assigned to a variables.</doc>
<status status="PASS" start="2025-08-08T12:01:49.493116" elapsed="0.001336"/>
</kw>
<kw name="Set Variable" owner="BuiltIn">
<msg time="2025-08-08T12:01:49.495562" level="INFO">${board_id} = 68961157e56b350eb66f8053</msg>
<var>${board_id}</var>
<arg>${json['newBoard']['_id']}</arg>
<doc>Returns the given values which can then be assigned to a variables.</doc>
<status status="PASS" start="2025-08-08T12:01:49.494761" elapsed="0.000956"/>
</kw>
<kw name="Set Suite Variable" owner="BuiltIn">
<msg time="2025-08-08T12:01:49.496350" level="INFO">${BOARD_ID} = 68961157e56b350eb66f8053</msg>
<arg>${BOARD_ID}</arg>
<arg>${board_id}</arg>
<doc>Makes a variable available everywhere within the scope of the current suite.</doc>
<status status="PASS" start="2025-08-08T12:01:49.495965" elapsed="0.000554"/>
</kw>
<status status="PASS" start="2025-08-08T12:01:49.300659" elapsed="0.196030"/>
</kw>
<status status="PASS" start="2025-08-08T12:01:48.183839" elapsed="1.314097"/>
</test>
<status status="PASS" start="2025-08-08T12:01:47.868292" elapsed="1.631387"/>
</suite>
<statistics>
<total>
<stat pass="1" fail="0" skip="0">All Tests</stat>
</total>
<tag>
</tag>
<suite>
<stat name="Board Create" id="s1" pass="1" fail="0" skip="0">Board Create</stat>
</suite>
</statistics>
<errors>
</errors>
</robot>
